# JRE version: Java(TM) SE Runtime Environment (17.0.10+11) (build 17.0.10+11-LTS-240)
# Java VM: Java HotSpot(TM) 64-Bit Server VM (17.0.10+11-LTS-240, mixed mode, emulated-client, sharing, tiered, compressed oops, compressed class ptrs, g1 gc, windows-amd64)
GC Precious Log:
 CPUs: 4 total, 4 available
 Memory: 8089M
 Large Page Support: Disabled
 NUMA Support: Disabled
 Compressed Oops: Enabled (32-bit)
 Heap Region Size: 1M
 Heap Min Capacity: 8M
 Heap Initial Capacity: 128M
 Heap Max Capacity: 2024M
 Pre-touch: Disabled
 Parallel Workers: 4
 Concurrent Workers: 1
 Concurrent Refinement Workers: 4
 Periodic GC: Disabled
Heap:
 garbage-first heap   total 446464K, used 223982K [0x0000000081800000, 0x0000000100000000)
  region size 1024K, 15 young (15360K), 15 survivors (15360K)
 Metaspace       used 72126K, committed 72768K, reserved 1114112K
  class space    used 10522K, committed 10816K, reserved 1048576K
GC Heap History (20 events):
Event: 14.056 GC heap after
{Heap after GC invocations=25 (full 0):
 garbage-first heap   total 223232K, used 81086K [0x0000000081800000, 0x0000000100000000)
  region size 1024K, 13 young (13312K), 13 survivors (13312K)
 Metaspace       used 70908K, committed 71552K, reserved 1114112K
  class space    used 10373K, committed 10688K, reserved 1048576K
}
Event: 14.396 GC heap before
{Heap before GC invocations=25 (full 0):
 garbage-first heap   total 223232K, used 163006K [0x0000000081800000, 0x0000000100000000)
  region size 1024K, 93 young (95232K), 13 survivors (13312K)
 Metaspace       used 71015K, committed 71680K, reserved 1114112K
  class space    used 10400K, committed 10688K, reserved 1048576K
}
Event: 14.422 GC heap after
{Heap after GC invocations=26 (full 0):
 garbage-first heap   total 223232K, used 90862K [0x0000000081800000, 0x0000000100000000)
  region size 1024K, 8 young (8192K), 8 survivors (8192K)
 Metaspace       used 71015K, committed 71680K, reserved 1114112K
  class space    used 10400K, committed 10688K, reserved 1048576K
}
Event: 14.864 GC heap before
{Heap before GC invocations=26 (full 0):
 garbage-first heap   total 223232K, used 168686K [0x0000000081800000, 0x0000000100000000)
  region size 1024K, 84 young (86016K), 8 survivors (8192K)
 Metaspace       used 71467K, committed 72128K, reserved 1114112K
  class space    used 10448K, committed 10752K, reserved 1048576K
}
Event: 14.871 GC heap after
{Heap after GC invocations=27 (full 0):
 garbage-first heap   total 223232K, used 87790K [0x0000000081800000, 0x0000000100000000)
  region size 1024K, 2 young (2048K), 2 survivors (2048K)
 Metaspace       used 71467K, committed 72128K, reserved 1114112K
  class space    used 10448K, committed 10752K, reserved 1048576K
}
Event: 15.432 GC heap before
{Heap before GC invocations=27 (full 0):
 garbage-first heap   total 223232K, used 171758K [0x0000000081800000, 0x0000000100000000)
  region size 1024K, 84 young (86016K), 2 survivors (2048K)
 Metaspace       used 72099K, committed 72768K, reserved 1114112K
  class space    used 10511K, committed 10816K, reserved 1048576K
}
Event: 15.457 GC heap after
{Heap after GC invocations=28 (full 0):
 garbage-first heap   total 223232K, used 106222K [0x0000000081800000, 0x0000000100000000)
  region size 1024K, 11 young (11264K), 11 survivors (11264K)
 Metaspace       used 72099K, committed 72768K, reserved 1114112K
  class space    used 10511K, committed 10816K, reserved 1048576K
}
Event: 15.652 GC heap before
{Heap before GC invocations=28 (full 0):
 garbage-first heap   total 223232K, used 170734K [0x0000000081800000, 0x0000000100000000)
  region size 1024K, 72 young (73728K), 11 survivors (11264K)
 Metaspace       used 72099K, committed 72768K, reserved 1114112K
  class space    used 10511K, committed 10816K, reserved 1048576K
}
Event: 15.692 GC heap after
{Heap after GC invocations=29 (full 0):
 garbage-first heap   total 223232K, used 131579K [0x0000000081800000, 0x0000000100000000)
  region size 1024K, 9 young (9216K), 9 survivors (9216K)
 Metaspace       used 72099K, committed 72768K, reserved 1114112K
  class space    used 10511K, committed 10816K, reserved 1048576K
}
Event: 15.822 GC heap before
{Heap before GC invocations=29 (full 0):
 garbage-first heap   total 223232K, used 170491K [0x0000000081800000, 0x0000000100000000)
  region size 1024K, 47 young (48128K), 9 survivors (9216K)
 Metaspace       used 72099K, committed 72768K, reserved 1114112K
  class space    used 10511K, committed 10816K, reserved 1048576K
}
Event: 15.848 GC heap after
{Heap after GC invocations=30 (full 0):
 garbage-first heap   total 446464K, used 135351K [0x0000000081800000, 0x0000000100000000)
  region size 1024K, 3 young (3072K), 3 survivors (3072K)
 Metaspace       used 72099K, committed 72768K, reserved 1114112K
  class space    used 10511K, committed 10816K, reserved 1048576K
}
Event: 16.517 GC heap before
{Heap before GC invocations=31 (full 0):
 garbage-first heap   total 446464K, used 255159K [0x0000000081800000, 0x0000000100000000)
  region size 1024K, 150 young (153600K), 3 survivors (3072K)
 Metaspace       used 72099K, committed 72768K, reserved 1114112K
  class space    used 10511K, committed 10816K, reserved 1048576K
}
Event: 16.578 GC heap after
{Heap after GC invocations=32 (full 0):
 garbage-first heap   total 446464K, used 154350K [0x0000000081800000, 0x0000000100000000)
  region size 1024K, 19 young (19456K), 19 survivors (19456K)
 Metaspace       used 72099K, committed 72768K, reserved 1114112K
  class space    used 10511K, committed 10816K, reserved 1048576K
}
Event: 16.595 GC heap before
{Heap before GC invocations=32 (full 0):
 garbage-first heap   total 446464K, used 156398K [0x0000000081800000, 0x0000000100000000)
  region size 1024K, 21 young (21504K), 19 survivors (19456K)
 Metaspace       used 72099K, committed 72768K, reserved 1114112K
  class space    used 10511K, committed 10816K, reserved 1048576K
}
Event: 16.630 GC heap after
{Heap after GC invocations=33 (full 0):
 garbage-first heap   total 446464K, used 155502K [0x0000000081800000, 0x0000000100000000)
  region size 1024K, 3 young (3072K), 3 survivors (3072K)
 Metaspace       used 72099K, committed 72768K, reserved 1114112K
  class space    used 10511K, committed 10816K, reserved 1048576K
}
Event: 17.000 GC heap before
{Heap before GC invocations=33 (full 0):
 garbage-first heap   total 446464K, used 281454K [0x0000000081800000, 0x0000000100000000)
  region size 1024K, 123 young (125952K), 3 survivors (3072K)
 Metaspace       used 72099K, committed 72768K, reserved 1114112K
  class space    used 10511K, committed 10816K, reserved 1048576K
}
Event: 17.048 GC heap after
{Heap after GC invocations=34 (full 0):
 garbage-first heap   total 446464K, used 199918K [0x0000000081800000, 0x0000000100000000)
  region size 1024K, 16 young (16384K), 16 survivors (16384K)
 Metaspace       used 72099K, committed 72768K, reserved 1114112K
  class space    used 10511K, committed 10816K, reserved 1048576K
}
Event: 17.409 GC heap before
{Heap before GC invocations=34 (full 0):
 garbage-first heap   total 446464K, used 306414K [0x0000000081800000, 0x0000000100000000)
  region size 1024K, 120 young (122880K), 16 survivors (16384K)
 Metaspace       used 72123K, committed 72768K, reserved 1114112K
  class space    used 10522K, committed 10816K, reserved 1048576K
}
Event: 17.443 GC heap after
{Heap after GC invocations=35 (full 0):
 garbage-first heap   total 446464K, used 211694K [0x0000000081800000, 0x0000000100000000)
  region size 1024K, 11 young (11264K), 11 survivors (11264K)
 Metaspace       used 72123K, committed 72768K, reserved 1114112K
  class space    used 10522K, committed 10816K, reserved 1048576K
}
Event: 17.685 GC heap before
{Heap before GC invocations=35 (full 0):
 garbage-first heap   total 446464K, used 284398K [0x0000000081800000, 0x0000000100000000)
  region size 1024K, 83 young (84992K), 11 survivors (11264K)
 Metaspace       used 72126K, committed 72768K, reserved 1114112K
  class space    used 10522K, committed 10816K, reserved 1048576K
}

