# JRE version: Java(TM) SE Runtime Environment (17.0.10+11) (build 17.0.10+11-LTS-240)
# Java VM: Java HotSpot(TM) 64-Bit Server VM (17.0.10+11-LTS-240, mixed mode, emulated-client, sharing, tiered, compressed oops, compressed class ptrs, g1 gc, windows-amd64)
GC Precious Log:
 CPUs: 4 total, 4 available
 Memory: 8089M
 Large Page Support: Disabled
 NUMA Support: Disabled
 Compressed Oops: Enabled (32-bit)
 Heap Region Size: 1M
 Heap Min Capacity: 8M
 Heap Initial Capacity: 128M
 Heap Max Capacity: 2024M
 Pre-touch: Disabled
 Parallel Workers: 4
 Concurrent Workers: 1
 Concurrent Refinement Workers: 4
 Periodic GC: Disabled
Heap:
 garbage-first heap   total 360448K, used 215840K [0x0000000081800000, 0x0000000100000000)
  region size 1024K, 4 young (4096K), 4 survivors (4096K)
 Metaspace       used 72140K, committed 72896K, reserved 1114112K
  class space    used 10510K, committed 10880K, reserved 1048576K
GC Heap History (20 events):
Event: 12.504 GC heap after
{Heap after GC invocations=26 (full 0):
 garbage-first heap   total 235520K, used 54850K [0x0000000081800000, 0x0000000100000000)
  region size 1024K, 4 young (4096K), 4 survivors (4096K)
 Metaspace       used 70655K, committed 71360K, reserved 1114112K
  class space    used 10316K, committed 10624K, reserved 1048576K
}
Event: 13.236 GC heap before
{Heap before GC invocations=26 (full 0):
 garbage-first heap   total 235520K, used 191042K [0x0000000081800000, 0x0000000100000000)
  region size 1024K, 137 young (140288K), 4 survivors (4096K)
 Metaspace       used 70944K, committed 71616K, reserved 1114112K
  class space    used 10372K, committed 10688K, reserved 1048576K
}
Event: 13.241 GC heap after
{Heap after GC invocations=27 (full 0):
 garbage-first heap   total 235520K, used 53367K [0x0000000081800000, 0x0000000100000000)
  region size 1024K, 3 young (3072K), 3 survivors (3072K)
 Metaspace       used 70944K, committed 71616K, reserved 1114112K
  class space    used 10372K, committed 10688K, reserved 1048576K
}
Event: 13.755 GC heap before
{Heap before GC invocations=27 (full 0):
 garbage-first heap   total 235520K, used 194679K [0x0000000081800000, 0x0000000100000000)
  region size 1024K, 138 young (141312K), 3 survivors (3072K)
 Metaspace       used 70946K, committed 71616K, reserved 1114112K
  class space    used 10372K, committed 10688K, reserved 1048576K
}
Event: 13.800 GC heap after
{Heap after GC invocations=28 (full 0):
 garbage-first heap   total 236544K, used 94486K [0x0000000081800000, 0x0000000100000000)
  region size 1024K, 18 young (18432K), 18 survivors (18432K)
 Metaspace       used 70946K, committed 71616K, reserved 1114112K
  class space    used 10372K, committed 10688K, reserved 1048576K
}
Event: 14.189 GC heap before
{Heap before GC invocations=28 (full 0):
 garbage-first heap   total 236544K, used 175382K [0x0000000081800000, 0x0000000100000000)
  region size 1024K, 97 young (99328K), 18 survivors (18432K)
 Metaspace       used 71059K, committed 71808K, reserved 1114112K
  class space    used 10400K, committed 10752K, reserved 1048576K
}
Event: 14.227 GC heap after
{Heap after GC invocations=29 (full 0):
 garbage-first heap   total 236544K, used 108832K [0x0000000081800000, 0x0000000100000000)
  region size 1024K, 13 young (13312K), 13 survivors (13312K)
 Metaspace       used 71059K, committed 71808K, reserved 1114112K
  class space    used 10400K, committed 10752K, reserved 1048576K
}
Event: 15.075 GC heap before
{Heap before GC invocations=29 (full 0):
 garbage-first heap   total 236544K, used 177440K [0x0000000081800000, 0x0000000100000000)
  region size 1024K, 80 young (81920K), 13 survivors (13312K)
 Metaspace       used 71506K, committed 72192K, reserved 1114112K
  class space    used 10447K, committed 10752K, reserved 1048576K
}
Event: 15.097 GC heap after
{Heap after GC invocations=30 (full 0):
 garbage-first heap   total 236544K, used 113440K [0x0000000081800000, 0x0000000100000000)
  region size 1024K, 4 young (4096K), 4 survivors (4096K)
 Metaspace       used 71506K, committed 72192K, reserved 1114112K
  class space    used 10447K, committed 10752K, reserved 1048576K
}
Event: 15.805 GC heap before
{Heap before GC invocations=30 (full 0):
 garbage-first heap   total 236544K, used 183072K [0x0000000081800000, 0x0000000100000000)
  region size 1024K, 72 young (73728K), 4 survivors (4096K)
 Metaspace       used 72137K, committed 72896K, reserved 1114112K
  class space    used 10510K, committed 10880K, reserved 1048576K
}
Event: 15.842 GC heap after
{Heap after GC invocations=31 (full 0):
 garbage-first heap   total 360448K, used 129312K [0x0000000081800000, 0x0000000100000000)
  region size 1024K, 9 young (9216K), 9 survivors (9216K)
 Metaspace       used 72137K, committed 72896K, reserved 1114112K
  class space    used 10510K, committed 10880K, reserved 1048576K
}
Event: 17.241 GC heap before
{Heap before GC invocations=32 (full 0):
 garbage-first heap   total 360448K, used 232736K [0x0000000081800000, 0x0000000100000000)
  region size 1024K, 134 young (137216K), 9 survivors (9216K)
 Metaspace       used 72140K, committed 72896K, reserved 1114112K
  class space    used 10510K, committed 10880K, reserved 1048576K
}
Event: 17.299 GC heap after
{Heap after GC invocations=33 (full 0):
 garbage-first heap   total 360448K, used 136992K [0x0000000081800000, 0x0000000100000000)
  region size 1024K, 17 young (17408K), 17 survivors (17408K)
 Metaspace       used 72140K, committed 72896K, reserved 1114112K
  class space    used 10510K, committed 10880K, reserved 1048576K
}
Event: 17.316 GC heap before
{Heap before GC invocations=33 (full 0):
 garbage-first heap   total 360448K, used 138016K [0x0000000081800000, 0x0000000100000000)
  region size 1024K, 18 young (18432K), 17 survivors (17408K)
 Metaspace       used 72140K, committed 72896K, reserved 1114112K
  class space    used 10510K, committed 10880K, reserved 1048576K
}
Event: 17.353 GC heap after
{Heap after GC invocations=34 (full 0):
 garbage-first heap   total 360448K, used 128288K [0x0000000081800000, 0x0000000100000000)
  region size 1024K, 2 young (2048K), 2 survivors (2048K)
 Metaspace       used 72140K, committed 72896K, reserved 1114112K
  class space    used 10510K, committed 10880K, reserved 1048576K
}
Event: 17.978 GC heap before
{Heap before GC invocations=34 (full 0):
 garbage-first heap   total 360448K, used 254240K [0x0000000081800000, 0x0000000100000000)
  region size 1024K, 122 young (124928K), 2 survivors (2048K)
 Metaspace       used 72140K, committed 72896K, reserved 1114112K
  class space    used 10510K, committed 10880K, reserved 1048576K
}
Event: 18.053 GC heap after
{Heap after GC invocations=35 (full 0):
 garbage-first heap   total 360448K, used 177440K [0x0000000081800000, 0x0000000100000000)
  region size 1024K, 16 young (16384K), 16 survivors (16384K)
 Metaspace       used 72140K, committed 72896K, reserved 1114112K
  class space    used 10510K, committed 10880K, reserved 1048576K
}
Event: 18.435 GC heap before
{Heap before GC invocations=35 (full 0):
 garbage-first heap   total 360448K, used 261408K [0x0000000081800000, 0x0000000100000000)
  region size 1024K, 98 young (100352K), 16 survivors (16384K)
 Metaspace       used 72140K, committed 72896K, reserved 1114112K
  class space    used 10510K, committed 10880K, reserved 1048576K
}
Event: 18.495 GC heap after
{Heap after GC invocations=36 (full 0):
 garbage-first heap   total 360448K, used 211232K [0x0000000081800000, 0x0000000100000000)
  region size 1024K, 13 young (13312K), 13 survivors (13312K)
 Metaspace       used 72140K, committed 72896K, reserved 1114112K
  class space    used 10510K, committed 10880K, reserved 1048576K
}
Event: 18.520 GC heap before
{Heap before GC invocations=36 (full 0):
 garbage-first heap   total 360448K, used 215328K [0x0000000081800000, 0x0000000100000000)
  region size 1024K, 18 young (18432K), 13 survivors (13312K)
 Metaspace       used 72140K, committed 72896K, reserved 1114112K
  class space    used 10510K, committed 10880K, reserved 1048576K
}

